Determining if the pthread_create exist failed with the following output:
Change Dir: /home/tarik/vzTo/build/CMakeFiles/CMakeTmp

Run Build Command:"/usr/bin/make" "cmTC_eccc5/fast"
/usr/bin/make -f CMakeFiles/cmTC_eccc5.dir/build.make CMakeFiles/cmTC_eccc5.dir/build
make[1]: Entering directory '/home/tarik/vzTo/build/CMakeFiles/CMakeTmp'
Building C object CMakeFiles/cmTC_eccc5.dir/CheckSymbolExists.c.o
/usr/bin/cc     -o CMakeFiles/cmTC_eccc5.dir/CheckSymbolExists.c.o   -c /home/tarik/vzTo/build/CMakeFiles/CMakeTmp/CheckSymbolExists.c
Linking C executable cmTC_eccc5
/usr/bin/cmake -E cmake_link_script CMakeFiles/cmTC_eccc5.dir/link.txt --verbose=1
/usr/bin/cc       CMakeFiles/cmTC_eccc5.dir/CheckSymbolExists.c.o  -o cmTC_eccc5 -rdynamic 
CMakeFiles/cmTC_eccc5.dir/CheckSymbolExists.c.o: In function `main':
CheckSymbolExists.c:(.text+0x16): undefined reference to `pthread_create'
collect2: error: ld returned 1 exit status
CMakeFiles/cmTC_eccc5.dir/build.make:97: recipe for target 'cmTC_eccc5' failed
make[1]: *** [cmTC_eccc5] Error 1
make[1]: Leaving directory '/home/tarik/vzTo/build/CMakeFiles/CMakeTmp'
Makefile:126: recipe for target 'cmTC_eccc5/fast' failed
make: *** [cmTC_eccc5/fast] Error 2

File /home/tarik/vzTo/build/CMakeFiles/CMakeTmp/CheckSymbolExists.c:
/* */
#include <pthread.h>

int main(int argc, char** argv)
{
  (void)argv;
#ifndef pthread_create
  return ((int*)(&pthread_create))[argc];
#else
  (void)argc;
  return 0;
#endif
}

Determining if the function pthread_create exists in the pthreads failed with the following output:
Change Dir: /home/tarik/vzTo/build/CMakeFiles/CMakeTmp

Run Build Command:"/usr/bin/make" "cmTC_6f162/fast"
/usr/bin/make -f CMakeFiles/cmTC_6f162.dir/build.make CMakeFiles/cmTC_6f162.dir/build
make[1]: Entering directory '/home/tarik/vzTo/build/CMakeFiles/CMakeTmp'
Building C object CMakeFiles/cmTC_6f162.dir/CheckFunctionExists.c.o
/usr/bin/cc    -DCHECK_FUNCTION_EXISTS=pthread_create   -o CMakeFiles/cmTC_6f162.dir/CheckFunctionExists.c.o   -c /usr/share/cmake-3.5/Modules/CheckFunctionExists.c
Linking C executable cmTC_6f162
/usr/bin/cmake -E cmake_link_script CMakeFiles/cmTC_6f162.dir/link.txt --verbose=1
/usr/bin/cc   -DCHECK_FUNCTION_EXISTS=pthread_create    CMakeFiles/cmTC_6f162.dir/CheckFunctionExists.c.o  -o cmTC_6f162 -rdynamic -lpthreads 
/usr/bin/ld: cannot find -lpthreads
collect2: error: ld returned 1 exit status
CMakeFiles/cmTC_6f162.dir/build.make:97: recipe for target 'cmTC_6f162' failed
make[1]: *** [cmTC_6f162] Error 1
make[1]: Leaving directory '/home/tarik/vzTo/build/CMakeFiles/CMakeTmp'
Makefile:126: recipe for target 'cmTC_6f162/fast' failed
make: *** [cmTC_6f162/fast] Error 2


Determining if the pthread_create exist failed with the following output:
Change Dir: /home/tarik/vzTo/vzTo/build/CMakeFiles/CMakeTmp

Run Build Command:"/usr/bin/make" "cmTC_ecd79/fast"
/usr/bin/make -f CMakeFiles/cmTC_ecd79.dir/build.make CMakeFiles/cmTC_ecd79.dir/build
make[1]: Entering directory '/home/tarik/vzTo/vzTo/build/CMakeFiles/CMakeTmp'
Building C object CMakeFiles/cmTC_ecd79.dir/CheckSymbolExists.c.o
/usr/bin/cc     -o CMakeFiles/cmTC_ecd79.dir/CheckSymbolExists.c.o   -c /home/tarik/vzTo/vzTo/build/CMakeFiles/CMakeTmp/CheckSymbolExists.c
Linking C executable cmTC_ecd79
/usr/bin/cmake -E cmake_link_script CMakeFiles/cmTC_ecd79.dir/link.txt --verbose=1
/usr/bin/cc       CMakeFiles/cmTC_ecd79.dir/CheckSymbolExists.c.o  -o cmTC_ecd79 -rdynamic 
CMakeFiles/cmTC_ecd79.dir/CheckSymbolExists.c.o: In function `main':
CheckSymbolExists.c:(.text+0x16): undefined reference to `pthread_create'
collect2: error: ld returned 1 exit status
CMakeFiles/cmTC_ecd79.dir/build.make:97: recipe for target 'cmTC_ecd79' failed
make[1]: *** [cmTC_ecd79] Error 1
make[1]: Leaving directory '/home/tarik/vzTo/vzTo/build/CMakeFiles/CMakeTmp'
Makefile:126: recipe for target 'cmTC_ecd79/fast' failed
make: *** [cmTC_ecd79/fast] Error 2

File /home/tarik/vzTo/vzTo/build/CMakeFiles/CMakeTmp/CheckSymbolExists.c:
/* */
#include <pthread.h>

int main(int argc, char** argv)
{
  (void)argv;
#ifndef pthread_create
  return ((int*)(&pthread_create))[argc];
#else
  (void)argc;
  return 0;
#endif
}

Determining if the function pthread_create exists in the pthreads failed with the following output:
Change Dir: /home/tarik/vzTo/vzTo/build/CMakeFiles/CMakeTmp

Run Build Command:"/usr/bin/make" "cmTC_90ce5/fast"
/usr/bin/make -f CMakeFiles/cmTC_90ce5.dir/build.make CMakeFiles/cmTC_90ce5.dir/build
make[1]: Entering directory '/home/tarik/vzTo/vzTo/build/CMakeFiles/CMakeTmp'
Building C object CMakeFiles/cmTC_90ce5.dir/CheckFunctionExists.c.o
/usr/bin/cc    -DCHECK_FUNCTION_EXISTS=pthread_create   -o CMakeFiles/cmTC_90ce5.dir/CheckFunctionExists.c.o   -c /usr/share/cmake-3.5/Modules/CheckFunctionExists.c
Linking C executable cmTC_90ce5
/usr/bin/cmake -E cmake_link_script CMakeFiles/cmTC_90ce5.dir/link.txt --verbose=1
/usr/bin/cc   -DCHECK_FUNCTION_EXISTS=pthread_create    CMakeFiles/cmTC_90ce5.dir/CheckFunctionExists.c.o  -o cmTC_90ce5 -rdynamic -lpthreads 
/usr/bin/ld: cannot find -lpthreads
collect2: error: ld returned 1 exit status
CMakeFiles/cmTC_90ce5.dir/build.make:97: recipe for target 'cmTC_90ce5' failed
make[1]: *** [cmTC_90ce5] Error 1
make[1]: Leaving directory '/home/tarik/vzTo/vzTo/build/CMakeFiles/CMakeTmp'
Makefile:126: recipe for target 'cmTC_90ce5/fast' failed
make: *** [cmTC_90ce5/fast] Error 2


Determining if the pthread_create exist failed with the following output:
Change Dir: /home/tarik/vzTo/icub-pusher/vzTo/build/CMakeFiles/CMakeTmp

Run Build Command:"/usr/bin/make" "cmTC_f563f/fast"
/usr/bin/make -f CMakeFiles/cmTC_f563f.dir/build.make CMakeFiles/cmTC_f563f.dir/build
make[1]: Entering directory '/home/tarik/vzTo/icub-pusher/vzTo/build/CMakeFiles/CMakeTmp'
Building C object CMakeFiles/cmTC_f563f.dir/CheckSymbolExists.c.o
/usr/bin/cc     -o CMakeFiles/cmTC_f563f.dir/CheckSymbolExists.c.o   -c /home/tarik/vzTo/icub-pusher/vzTo/build/CMakeFiles/CMakeTmp/CheckSymbolExists.c
Linking C executable cmTC_f563f
/usr/bin/cmake -E cmake_link_script CMakeFiles/cmTC_f563f.dir/link.txt --verbose=1
/usr/bin/cc       CMakeFiles/cmTC_f563f.dir/CheckSymbolExists.c.o  -o cmTC_f563f -rdynamic 
CMakeFiles/cmTC_f563f.dir/CheckSymbolExists.c.o: In function `main':
CheckSymbolExists.c:(.text+0x16): undefined reference to `pthread_create'
collect2: error: ld returned 1 exit status
CMakeFiles/cmTC_f563f.dir/build.make:97: recipe for target 'cmTC_f563f' failed
make[1]: *** [cmTC_f563f] Error 1
make[1]: Leaving directory '/home/tarik/vzTo/icub-pusher/vzTo/build/CMakeFiles/CMakeTmp'
Makefile:126: recipe for target 'cmTC_f563f/fast' failed
make: *** [cmTC_f563f/fast] Error 2

File /home/tarik/vzTo/icub-pusher/vzTo/build/CMakeFiles/CMakeTmp/CheckSymbolExists.c:
/* */
#include <pthread.h>

int main(int argc, char** argv)
{
  (void)argv;
#ifndef pthread_create
  return ((int*)(&pthread_create))[argc];
#else
  (void)argc;
  return 0;
#endif
}

Determining if the function pthread_create exists in the pthreads failed with the following output:
Change Dir: /home/tarik/vzTo/icub-pusher/vzTo/build/CMakeFiles/CMakeTmp

Run Build Command:"/usr/bin/make" "cmTC_d5c24/fast"
/usr/bin/make -f CMakeFiles/cmTC_d5c24.dir/build.make CMakeFiles/cmTC_d5c24.dir/build
make[1]: Entering directory '/home/tarik/vzTo/icub-pusher/vzTo/build/CMakeFiles/CMakeTmp'
Building C object CMakeFiles/cmTC_d5c24.dir/CheckFunctionExists.c.o
/usr/bin/cc    -DCHECK_FUNCTION_EXISTS=pthread_create   -o CMakeFiles/cmTC_d5c24.dir/CheckFunctionExists.c.o   -c /usr/share/cmake-3.5/Modules/CheckFunctionExists.c
Linking C executable cmTC_d5c24
/usr/bin/cmake -E cmake_link_script CMakeFiles/cmTC_d5c24.dir/link.txt --verbose=1
/usr/bin/cc   -DCHECK_FUNCTION_EXISTS=pthread_create    CMakeFiles/cmTC_d5c24.dir/CheckFunctionExists.c.o  -o cmTC_d5c24 -rdynamic -lpthreads 
/usr/bin/ld: cannot find -lpthreads
collect2: error: ld returned 1 exit status
CMakeFiles/cmTC_d5c24.dir/build.make:97: recipe for target 'cmTC_d5c24' failed
make[1]: *** [cmTC_d5c24] Error 1
make[1]: Leaving directory '/home/tarik/vzTo/icub-pusher/vzTo/build/CMakeFiles/CMakeTmp'
Makefile:126: recipe for target 'cmTC_d5c24/fast' failed
make: *** [cmTC_d5c24/fast] Error 2


Determining if the pthread_create exist failed with the following output:
Change Dir: /home/tarik/icub-pusher/vzTo/build/CMakeFiles/CMakeTmp

Run Build Command:"/usr/bin/make" "cmTC_f2afb/fast"
/usr/bin/make -f CMakeFiles/cmTC_f2afb.dir/build.make CMakeFiles/cmTC_f2afb.dir/build
make[1]: Entering directory '/home/tarik/icub-pusher/vzTo/build/CMakeFiles/CMakeTmp'
Building C object CMakeFiles/cmTC_f2afb.dir/CheckSymbolExists.c.o
/usr/bin/cc     -o CMakeFiles/cmTC_f2afb.dir/CheckSymbolExists.c.o   -c /home/tarik/icub-pusher/vzTo/build/CMakeFiles/CMakeTmp/CheckSymbolExists.c
Linking C executable cmTC_f2afb
/usr/bin/cmake -E cmake_link_script CMakeFiles/cmTC_f2afb.dir/link.txt --verbose=1
/usr/bin/cc       CMakeFiles/cmTC_f2afb.dir/CheckSymbolExists.c.o  -o cmTC_f2afb -rdynamic 
CMakeFiles/cmTC_f2afb.dir/CheckSymbolExists.c.o: In function `main':
CheckSymbolExists.c:(.text+0x16): undefined reference to `pthread_create'
collect2: error: ld returned 1 exit status
CMakeFiles/cmTC_f2afb.dir/build.make:97: recipe for target 'cmTC_f2afb' failed
make[1]: *** [cmTC_f2afb] Error 1
make[1]: Leaving directory '/home/tarik/icub-pusher/vzTo/build/CMakeFiles/CMakeTmp'
Makefile:126: recipe for target 'cmTC_f2afb/fast' failed
make: *** [cmTC_f2afb/fast] Error 2

File /home/tarik/icub-pusher/vzTo/build/CMakeFiles/CMakeTmp/CheckSymbolExists.c:
/* */
#include <pthread.h>

int main(int argc, char** argv)
{
  (void)argv;
#ifndef pthread_create
  return ((int*)(&pthread_create))[argc];
#else
  (void)argc;
  return 0;
#endif
}

Determining if the function pthread_create exists in the pthreads failed with the following output:
Change Dir: /home/tarik/icub-pusher/vzTo/build/CMakeFiles/CMakeTmp

Run Build Command:"/usr/bin/make" "cmTC_0c219/fast"
/usr/bin/make -f CMakeFiles/cmTC_0c219.dir/build.make CMakeFiles/cmTC_0c219.dir/build
make[1]: Entering directory '/home/tarik/icub-pusher/vzTo/build/CMakeFiles/CMakeTmp'
Building C object CMakeFiles/cmTC_0c219.dir/CheckFunctionExists.c.o
/usr/bin/cc    -DCHECK_FUNCTION_EXISTS=pthread_create   -o CMakeFiles/cmTC_0c219.dir/CheckFunctionExists.c.o   -c /usr/share/cmake-3.5/Modules/CheckFunctionExists.c
Linking C executable cmTC_0c219
/usr/bin/cmake -E cmake_link_script CMakeFiles/cmTC_0c219.dir/link.txt --verbose=1
/usr/bin/cc   -DCHECK_FUNCTION_EXISTS=pthread_create    CMakeFiles/cmTC_0c219.dir/CheckFunctionExists.c.o  -o cmTC_0c219 -rdynamic -lpthreads 
/usr/bin/ld: cannot find -lpthreads
collect2: error: ld returned 1 exit status
CMakeFiles/cmTC_0c219.dir/build.make:97: recipe for target 'cmTC_0c219' failed
make[1]: *** [cmTC_0c219] Error 1
make[1]: Leaving directory '/home/tarik/icub-pusher/vzTo/build/CMakeFiles/CMakeTmp'
Makefile:126: recipe for target 'cmTC_0c219/fast' failed
make: *** [cmTC_0c219/fast] Error 2


